c:\users\kict-14\desktop\cstudy\day9\exam6\debug\exam6.pch
c:\users\kict-14\desktop\cstudy\day9\exam6\debug\vc141.pdb
c:\users\kict-14\desktop\cstudy\day9\exam6\debug\vc141.idb
c:\users\kict-14\desktop\cstudy\day9\exam6\debug\stdafx.obj
c:\users\kict-14\desktop\cstudy\day9\exam6\debug\exam6.obj
c:\users\kict-14\appdata\local\microsoft\clr_v4.0_32\usagelogs\vctip.exe.log
c:\users\kict-14\appdata\local\microsoft\applicationinsights\vstelaif-312cbd79-9dbb-4c48-a7da-3cc2a931cb70\20170703055414_710bb3d5db724f859c763d889d07eec9.trn
c:\users\kict-14\desktop\cstudy\day9\debug\exam6.ilk
c:\users\kict-14\desktop\cstudy\day9\debug\exam6.exe
c:\users\kict-14\desktop\cstudy\day9\debug\exam6.pdb
c:\users\kict-14\desktop\cstudy\day9\exam6\debug\exam6.res
c:\users\kict-14\desktop\cstudy\day9\exam6\debug\exam6.tlog\cl.command.1.tlog
c:\users\kict-14\desktop\cstudy\day9\exam6\debug\exam6.tlog\cl.read.1.tlog
c:\users\kict-14\desktop\cstudy\day9\exam6\debug\exam6.tlog\cl.write.1.tlog
c:\users\kict-14\desktop\cstudy\day9\exam6\debug\exam6.tlog\link-vctip.delete.11.tlog
c:\users\kict-14\desktop\cstudy\day9\exam6\debug\exam6.tlog\link-vctip.delete.110.tlog
c:\users\kict-14\desktop\cstudy\day9\exam6\debug\exam6.tlog\link-vctip.delete.151.tlog
c:\users\kict-14\desktop\cstudy\day9\exam6\debug\exam6.tlog\link-vctip.delete.23.tlog
c:\users\kict-14\desktop\cstudy\day9\exam6\debug\exam6.tlog\link-vctip.delete.24.tlog
c:\users\kict-14\desktop\cstudy\day9\exam6\debug\exam6.tlog\link-vctip.delete.25.tlog
c:\users\kict-14\desktop\cstudy\day9\exam6\debug\exam6.tlog\link-vctip.delete.29.tlog
c:\users\kict-14\desktop\cstudy\day9\exam6\debug\exam6.tlog\link-vctip.delete.31.tlog
c:\users\kict-14\desktop\cstudy\day9\exam6\debug\exam6.tlog\link-vctip.delete.40.tlog
c:\users\kict-14\desktop\cstudy\day9\exam6\debug\exam6.tlog\link-vctip.delete.74.tlog
c:\users\kict-14\desktop\cstudy\day9\exam6\debug\exam6.tlog\link-vctip.read.1.tlog
c:\users\kict-14\desktop\cstudy\day9\exam6\debug\exam6.tlog\link-vctip.read.105.tlog
c:\users\kict-14\desktop\cstudy\day9\exam6\debug\exam6.tlog\link-vctip.read.108.tlog
c:\users\kict-14\desktop\cstudy\day9\exam6\debug\exam6.tlog\link-vctip.read.11.tlog
c:\users\kict-14\desktop\cstudy\day9\exam6\debug\exam6.tlog\link-vctip.read.110.tlog
c:\users\kict-14\desktop\cstudy\day9\exam6\debug\exam6.tlog\link-vctip.read.119.tlog
c:\users\kict-14\desktop\cstudy\day9\exam6\debug\exam6.tlog\link-vctip.read.12.tlog
c:\users\kict-14\desktop\cstudy\day9\exam6\debug\exam6.tlog\link-vctip.read.130.tlog
c:\users\kict-14\desktop\cstudy\day9\exam6\debug\exam6.tlog\link-vctip.read.140.tlog
c:\users\kict-14\desktop\cstudy\day9\exam6\debug\exam6.tlog\link-vctip.read.151.tlog
c:\users\kict-14\desktop\cstudy\day9\exam6\debug\exam6.tlog\link-vctip.read.18.tlog
c:\users\kict-14\desktop\cstudy\day9\exam6\debug\exam6.tlog\link-vctip.read.20.tlog
c:\users\kict-14\desktop\cstudy\day9\exam6\debug\exam6.tlog\link-vctip.read.22.tlog
c:\users\kict-14\desktop\cstudy\day9\exam6\debug\exam6.tlog\link-vctip.read.23.tlog
c:\users\kict-14\desktop\cstudy\day9\exam6\debug\exam6.tlog\link-vctip.read.24.tlog
c:\users\kict-14\desktop\cstudy\day9\exam6\debug\exam6.tlog\link-vctip.read.25.tlog
c:\users\kict-14\desktop\cstudy\day9\exam6\debug\exam6.tlog\link-vctip.read.29.tlog
c:\users\kict-14\desktop\cstudy\day9\exam6\debug\exam6.tlog\link-vctip.read.31.tlog
c:\users\kict-14\desktop\cstudy\day9\exam6\debug\exam6.tlog\link-vctip.read.34.tlog
c:\users\kict-14\desktop\cstudy\day9\exam6\debug\exam6.tlog\link-vctip.read.40.tlog
c:\users\kict-14\desktop\cstudy\day9\exam6\debug\exam6.tlog\link-vctip.read.54.tlog
c:\users\kict-14\desktop\cstudy\day9\exam6\debug\exam6.tlog\link-vctip.read.62.tlog
c:\users\kict-14\desktop\cstudy\day9\exam6\debug\exam6.tlog\link-vctip.read.7.tlog
c:\users\kict-14\desktop\cstudy\day9\exam6\debug\exam6.tlog\link-vctip.read.72.tlog
c:\users\kict-14\desktop\cstudy\day9\exam6\debug\exam6.tlog\link-vctip.read.74.tlog
c:\users\kict-14\desktop\cstudy\day9\exam6\debug\exam6.tlog\link-vctip.read.84.tlog
c:\users\kict-14\desktop\cstudy\day9\exam6\debug\exam6.tlog\link-vctip.read.95.tlog
c:\users\kict-14\desktop\cstudy\day9\exam6\debug\exam6.tlog\link-vctip.write.1.tlog
c:\users\kict-14\desktop\cstudy\day9\exam6\debug\exam6.tlog\link-vctip.write.11.tlog
c:\users\kict-14\desktop\cstudy\day9\exam6\debug\exam6.tlog\link-vctip.write.110.tlog
c:\users\kict-14\desktop\cstudy\day9\exam6\debug\exam6.tlog\link-vctip.write.12.tlog
c:\users\kict-14\desktop\cstudy\day9\exam6\debug\exam6.tlog\link-vctip.write.151.tlog
c:\users\kict-14\desktop\cstudy\day9\exam6\debug\exam6.tlog\link-vctip.write.22.tlog
c:\users\kict-14\desktop\cstudy\day9\exam6\debug\exam6.tlog\link-vctip.write.23.tlog
c:\users\kict-14\desktop\cstudy\day9\exam6\debug\exam6.tlog\link-vctip.write.24.tlog
c:\users\kict-14\desktop\cstudy\day9\exam6\debug\exam6.tlog\link-vctip.write.25.tlog
c:\users\kict-14\desktop\cstudy\day9\exam6\debug\exam6.tlog\link-vctip.write.29.tlog
c:\users\kict-14\desktop\cstudy\day9\exam6\debug\exam6.tlog\link-vctip.write.30.tlog
c:\users\kict-14\desktop\cstudy\day9\exam6\debug\exam6.tlog\link-vctip.write.31.tlog
c:\users\kict-14\desktop\cstudy\day9\exam6\debug\exam6.tlog\link-vctip.write.40.tlog
c:\users\kict-14\desktop\cstudy\day9\exam6\debug\exam6.tlog\link-vctip.write.74.tlog
c:\users\kict-14\desktop\cstudy\day9\exam6\debug\exam6.tlog\link.command.1.tlog
c:\users\kict-14\desktop\cstudy\day9\exam6\debug\exam6.tlog\link.read.1.tlog
c:\users\kict-14\desktop\cstudy\day9\exam6\debug\exam6.tlog\link.write.1.tlog
c:\users\kict-14\desktop\cstudy\day9\exam6\debug\exam6.tlog\rc.command.1.tlog
c:\users\kict-14\desktop\cstudy\day9\exam6\debug\exam6.tlog\rc.read.1.tlog
c:\users\kict-14\desktop\cstudy\day9\exam6\debug\exam6.tlog\rc.write.1.tlog
