  exam3.cpp
c:\users\kict-14\desktop\cstudy\day15\exam3\exam3.cpp(171): warning C4996: 'fopen': This function or variable may be unsafe. Consider using fopen_s instead. To disable deprecation, use _CRT_SECURE_NO_WARNINGS. See online help for details.
  c:\program files (x86)\windows kits\10\include\10.0.15063.0\ucrt\stdio.h(207): note: 'fopen' 선언을 참조하십시오.
c:\users\kict-14\desktop\cstudy\day15\exam3\exam3.cpp(183): warning C4996: 'fopen': This function or variable may be unsafe. Consider using fopen_s instead. To disable deprecation, use _CRT_SECURE_NO_WARNINGS. See online help for details.
  c:\program files (x86)\windows kits\10\include\10.0.15063.0\ucrt\stdio.h(207): note: 'fopen' 선언을 참조하십시오.
c:\users\kict-14\desktop\cstudy\day15\exam3\exam3.cpp(333): warning C4996: 'wcstok': wcstok has been changed to conform with the ISO C standard, adding an extra context parameter. To use the legacy Microsoft wcstok, define _CRT_NON_CONFORMING_WCSTOK.
  c:\program files (x86)\windows kits\10\include\10.0.15063.0\ucrt\corecrt_wstring.h(261): note: 'wcstok' 선언을 참조하십시오.
c:\users\kict-14\desktop\cstudy\day15\exam3\exam3.cpp(338): warning C4996: 'wcstok': wcstok has been changed to conform with the ISO C standard, adding an extra context parameter. To use the legacy Microsoft wcstok, define _CRT_NON_CONFORMING_WCSTOK.
  c:\program files (x86)\windows kits\10\include\10.0.15063.0\ucrt\corecrt_wstring.h(261): note: 'wcstok' 선언을 참조하십시오.
c:\users\kict-14\desktop\cstudy\day15\exam3\exam3.cpp(340): warning C4996: 'wcstok': wcstok has been changed to conform with the ISO C standard, adding an extra context parameter. To use the legacy Microsoft wcstok, define _CRT_NON_CONFORMING_WCSTOK.
  c:\program files (x86)\windows kits\10\include\10.0.15063.0\ucrt\corecrt_wstring.h(261): note: 'wcstok' 선언을 참조하십시오.
c:\users\kict-14\desktop\cstudy\day15\exam3\exam3.cpp(342): warning C4996: 'wcstok': wcstok has been changed to conform with the ISO C standard, adding an extra context parameter. To use the legacy Microsoft wcstok, define _CRT_NON_CONFORMING_WCSTOK.
  c:\program files (x86)\windows kits\10\include\10.0.15063.0\ucrt\corecrt_wstring.h(261): note: 'wcstok' 선언을 참조하십시오.
c:\users\kict-14\desktop\cstudy\day15\exam3\exam3.cpp(349): warning C4996: 'wcstok': wcstok has been changed to conform with the ISO C standard, adding an extra context parameter. To use the legacy Microsoft wcstok, define _CRT_NON_CONFORMING_WCSTOK.
  c:\program files (x86)\windows kits\10\include\10.0.15063.0\ucrt\corecrt_wstring.h(261): note: 'wcstok' 선언을 참조하십시오.
c:\users\kict-14\desktop\cstudy\day15\exam3\exam3.cpp(351): warning C4996: 'wcstok': wcstok has been changed to conform with the ISO C standard, adding an extra context parameter. To use the legacy Microsoft wcstok, define _CRT_NON_CONFORMING_WCSTOK.
  c:\program files (x86)\windows kits\10\include\10.0.15063.0\ucrt\corecrt_wstring.h(261): note: 'wcstok' 선언을 참조하십시오.
c:\users\kict-14\desktop\cstudy\day15\exam3\exam3.cpp(353): warning C4996: 'wcstok': wcstok has been changed to conform with the ISO C standard, adding an extra context parameter. To use the legacy Microsoft wcstok, define _CRT_NON_CONFORMING_WCSTOK.
  c:\program files (x86)\windows kits\10\include\10.0.15063.0\ucrt\corecrt_wstring.h(261): note: 'wcstok' 선언을 참조하십시오.
  exam3.vcxproj -> C:\Users\KICT-14\Desktop\cstudy\day15\Debug\exam3.exe
  exam3.vcxproj -> C:\Users\KICT-14\Desktop\cstudy\day15\Debug\exam3.pdb (Partial PDB)
